This is pdfTeX, Version 3.1415926-2.4-1.40.13 (TeX Live 2012/Arch Linux) (format=pdflatex 2013.3.27)  28 MAR 2013 12:17
entering extended mode
 restricted \write18 enabled.
 %&-line parsing enabled.
**HW_2.tex
(./HW_2.tex
LaTeX2e <2011/06/27>
Babel <v3.8m> and hyphenation patterns for english, dumylang, nohyphenation, ge
rman-x-2012-05-30, ngerman-x-2012-05-30, afrikaans, ancientgreek, ibycus, arabi
c, armenian, basque, bulgarian, catalan, pinyin, coptic, croatian, czech, danis
h, dutch, ukenglish, usenglishmax, esperanto, estonian, ethiopic, farsi, finnis
h, french, friulan, galician, german, ngerman, swissgerman, monogreek, greek, h
ungarian, icelandic, assamese, bengali, gujarati, hindi, kannada, malayalam, ma
rathi, oriya, panjabi, tamil, telugu, indonesian, interlingua, irish, italian, 
kurmanji, latin, latvian, lithuanian, mongolian, mongolianlmc, bokmal, nynorsk,
 polish, portuguese, romanian, romansh, russian, sanskrit, serbian, serbianc, s
lovak, slovenian, spanish, swedish, turkish, turkmen, ukrainian, uppersorbian, 
welsh, loaded.
(/usr/share/texmf-dist/tex/latex/base/report.cls
Document Class: report 2007/10/19 v1.4h Standard LaTeX document class
(/usr/share/texmf-dist/tex/latex/base/size10.clo
File: size10.clo 2007/10/19 v1.4h Standard LaTeX file (size option)
)
\c@part=\count79
\c@chapter=\count80
\c@section=\count81
\c@subsection=\count82
\c@subsubsection=\count83
\c@paragraph=\count84
\c@subparagraph=\count85
\c@figure=\count86
\c@table=\count87
\abovecaptionskip=\skip41
\belowcaptionskip=\skip42
\bibindent=\dimen102
)
(/usr/share/texmf-dist/tex/latex/graphics/graphicx.sty
Package: graphicx 1999/02/16 v1.0f Enhanced LaTeX Graphics (DPC,SPQR)

(/usr/share/texmf-dist/tex/latex/graphics/keyval.sty
Package: keyval 1999/03/16 v1.13 key=value parser (DPC)
\KV@toks@=\toks14
)
(/usr/share/texmf-dist/tex/latex/graphics/graphics.sty
Package: graphics 2009/02/05 v1.0o Standard LaTeX Graphics (DPC,SPQR)

(/usr/share/texmf-dist/tex/latex/graphics/trig.sty
Package: trig 1999/03/16 v1.09 sin cos tan (DPC)
)
(/usr/share/texmf-dist/tex/latex/latexconfig/graphics.cfg
File: graphics.cfg 2010/04/23 v1.9 graphics configuration of TeX Live
)
Package graphics Info: Driver file: pdftex.def on input line 91.

(/usr/share/texmf-dist/tex/latex/pdftex-def/pdftex.def
File: pdftex.def 2011/05/27 v0.06d Graphics/color for pdfTeX

(/usr/share/texmf-dist/tex/generic/oberdiek/infwarerr.sty
Package: infwarerr 2010/04/08 v1.3 Providing info/warning/error messages (HO)
)
(/usr/share/texmf-dist/tex/generic/oberdiek/ltxcmds.sty
Package: ltxcmds 2011/11/09 v1.22 LaTeX kernel commands for general use (HO)
)
\Gread@gobject=\count88
))
\Gin@req@height=\dimen103
\Gin@req@width=\dimen104
)
(/usr/share/texmf-dist/tex/latex/float/float.sty
Package: float 2001/11/08 v1.3d Float enhancements (AL)
\c@float@type=\count89
\float@exts=\toks15
\float@box=\box26
\@float@everytoks=\toks16
\@floatcapt=\box27
)
(/usr/share/texmf-dist/tex/latex/wrapfig/wrapfig.sty
\wrapoverhang=\dimen105
\WF@size=\dimen106
\c@WF@wrappedlines=\count90
\WF@box=\box28
\WF@everypar=\toks17
Package: wrapfig 2003/01/31  v 3.6
)
(/usr/share/texmf-dist/tex/latex/graphics/color.sty
Package: color 2005/11/14 v1.0j Standard LaTeX Color (DPC)

(/usr/share/texmf-dist/tex/latex/latexconfig/color.cfg
File: color.cfg 2007/01/18 v1.5 color configuration of teTeX/TeXLive
)
Package color Info: Driver file: pdftex.def on input line 130.
)
(/usr/share/texmf-dist/tex/latex/siunitx/siunitx.sty
(/usr/share/texmf-dist/tex/latex/l3kernel/expl3.sty
(/usr/share/texmf-dist/tex/latex/l3kernel/l3names.sty
(/usr/share/texmf-dist/tex/latex/l3kernel/l3bootstrap.sty
Package: l3bootstrap 2012/07/16 v3991 L3 Experimental bootstrap code
)
Package: l3names 2012/09/24 v4230 L3 Namespace for primitives
)
(/usr/share/texmf-dist/tex/latex/etex-pkg/etex.sty
Package: etex 1998/03/26 v2.0 eTeX basic definition package (PEB)
\et@xins=\count91
)
Package: expl3 2012/09/29 v4249 L3 Experimental code bundle wrapper

(/usr/share/texmf-dist/tex/latex/l3kernel/l3basics.sty
Package: l3basics 2012/09/09 v4212 L3 Basic definitions
)
(/usr/share/texmf-dist/tex/latex/l3kernel/l3expan.sty
Package: l3expan 2012/08/28 v4149 L3 Argument expansion
)
(/usr/share/texmf-dist/tex/latex/l3kernel/l3tl.sty
Package: l3tl 2012/09/28 v4244 L3 Token lists
)
(/usr/share/texmf-dist/tex/latex/l3kernel/l3seq.sty
Package: l3seq 2012/09/09 v4212 L3 Sequences and stacks
)
(/usr/share/texmf-dist/tex/latex/l3kernel/l3int.sty
Package: l3int 2012/09/26 v4237 L3 Integers
\c_max_int=\count92
\l_tmpa_int=\count93
\l_tmpb_int=\count94
\g_tmpa_int=\count95
\g_tmpb_int=\count96
\l_tmpc_int=\count97
)
(/usr/share/texmf-dist/tex/latex/l3kernel/l3quark.sty
Package: l3quark 2012/08/08 v4065 L3 Quarks
)
(/usr/share/texmf-dist/tex/latex/l3kernel/l3prg.sty
Package: l3prg 2012/09/09 v4212 L3 Control structures
\g__prg_map_int=\count98
)
(/usr/share/texmf-dist/tex/latex/l3kernel/l3clist.sty
Package: l3clist 2012/09/09 v4212 L3 Comma separated lists
)
(/usr/share/texmf-dist/tex/latex/l3kernel/l3token.sty
Package: l3token 2012/08/08 v4069 L3 Experimental token manipulation
)
(/usr/share/texmf-dist/tex/latex/l3kernel/l3prop.sty
Package: l3prop 2012/09/09 v4212 L3 Property lists
)
(/usr/share/texmf-dist/tex/latex/l3kernel/l3msg.sty
Package: l3msg 2012/09/09 v4212 L3 Messages
)
(/usr/share/texmf-dist/tex/latex/l3kernel/l3file.sty
Package: l3file 2012/09/09 v4212 L3 File and I/O operations
\l__ior_stream_int=\count99
\l_iow_line_count_int=\count100
\l__iow_target_count_int=\count101
\l__iow_current_line_int=\count102
\l__iow_current_word_int=\count103
\l__iow_current_indentation_int=\count104
)
(/usr/share/texmf-dist/tex/latex/l3kernel/l3skip.sty
Package: l3skip 2012/09/26 v4235 L3 Dimensions and skips
\l_tmpa_dim=\dimen107
\l_tmpb_dim=\dimen108
\g_tmpa_dim=\dimen109
\g_tmpb_dim=\dimen110
\l_tmpa_skip=\skip43
\l_tmpb_skip=\skip44
\g_tmpa_skip=\skip45
\g_tmpb_skip=\skip46
\c_zero_muskip=\muskip10
\c_max_muskip=\muskip11
\l_tmpa_muskip=\muskip12
\l_tmpb_muskip=\muskip13
\g_tmpa_muskip=\muskip14
\g_tmpb_muskip=\muskip15
)
(/usr/share/texmf-dist/tex/latex/l3kernel/l3keys.sty
Package: l3keys 2012/09/29 v4248 L3 Experimental key-value interfaces
\g__keyval_level_int=\count105
\l_keys_choice_int=\count106
)
(/usr/share/texmf-dist/tex/latex/l3kernel/l3fp.sty
Package: l3fp 2012/09/26 v4234 L3 Floating points
\c__fp_leading_shift_int=\count107
\c__fp_middle_shift_int=\count108
\c__fp_trailing_shift_int=\count109
\c__fp_big_leading_shift_int=\count110
\c__fp_big_middle_shift_int=\count111
\c__fp_big_trailing_shift_int=\count112
\c__fp_Bigg_leading_shift_int=\count113
\c__fp_Bigg_middle_shift_int=\count114
\c__fp_Bigg_trailing_shift_int=\count115
)
(/usr/share/texmf-dist/tex/latex/l3kernel/l3box.sty
Package: l3box 2012/07/16 v3991 L3 Experimental boxes
\l_tmpb_box=\box29
\g_tmpa_box=\box30
\g_tmpb_box=\box31
)
(/usr/share/texmf-dist/tex/latex/l3kernel/l3coffins.sty
Package: l3coffins 2012/09/09 v4212 L3 Coffin code layer
\l__coffin_internal_box=\box32
\l__coffin_internal_dim=\dimen111
\l__coffin_offset_x_dim=\dimen112
\l__coffin_offset_y_dim=\dimen113
\l__coffin_x_dim=\dimen114
\l__coffin_y_dim=\dimen115
\l__coffin_x_prime_dim=\dimen116
\l__coffin_y_prime_dim=\dimen117
\c_empty_coffin=\box33
\l__coffin_aligned_coffin=\box34
\l__coffin_aligned_internal_coffin=\box35
\l_tmpa_coffin=\box36
\l_tmpb_coffin=\box37
\l__coffin_display_coffin=\box38
\l__coffin_display_coord_coffin=\box39
\l__coffin_display_pole_coffin=\box40
\l__coffin_display_offset_dim=\dimen118
\l__coffin_display_x_dim=\dimen119
\l__coffin_display_y_dim=\dimen120
)
(/usr/share/texmf-dist/tex/latex/l3kernel/l3color.sty
Package: l3color 2012/08/29 v4156 L3 Experimental color support
)
(/usr/share/texmf-dist/tex/latex/l3kernel/l3luatex.sty
Package: l3luatex 2012/08/03 v4049 L3 Experimental LuaTeX-specific functions
\g__cctab_allocate_int=\count116
\g__cctab_stack_int=\count117
)
(/usr/share/texmf-dist/tex/latex/l3kernel/l3candidates.sty
Package: l3candidates 2012/05/12 v3633 L3 Experimental additions to l3kernel
\l__box_top_dim=\dimen121
\l__box_bottom_dim=\dimen122
\l__box_left_dim=\dimen123
\l__box_right_dim=\dimen124
\l__box_top_new_dim=\dimen125
\l__box_bottom_new_dim=\dimen126
\l__box_left_new_dim=\dimen127
\l__box_right_new_dim=\dimen128
\l__box_internal_box=\box41
\l__coffin_bounding_shift_dim=\dimen129
\l__coffin_left_corner_dim=\dimen130
\l__coffin_right_corner_dim=\dimen131
\l__coffin_bottom_corner_dim=\dimen132
\l__coffin_top_corner_dim=\dimen133
\l__coffin_scaled_total_height_dim=\dimen134
\l__coffin_scaled_width_dim=\dimen135
))
(/usr/share/texmf-dist/tex/latex/l3packages/xparse/xparse.sty
Package: xparse 2012/09/29 v4249 L3 Experimental document command parser
\l__xparse_current_arg_int=\count118
\l__xparse_m_args_int=\count119
\l__xparse_mandatory_args_int=\count120
\l__xparse_processor_int=\count121
\l__xparse_v_nesting_int=\count122
)
Package: siunitx 2012/11/13 v2.5k A comprehensive (SI) units package

(/usr/share/texmf-dist/tex/latex/amsmath/amstext.sty
Package: amstext 2000/06/29 v2.01

(/usr/share/texmf-dist/tex/latex/amsmath/amsgen.sty
File: amsgen.sty 1999/11/30 v2.0
\@emptytoks=\toks18
\ex@=\dimen136
))
(/usr/share/texmf-dist/tex/latex/tools/array.sty
Package: array 2008/09/09 v2.4c Tabular extension package (FMi)
\col@sep=\dimen137
\extrarowheight=\dimen138
\NC@list=\toks19
\extratabsurround=\skip47
\backup@length=\skip48
)
(/usr/share/texmf-dist/tex/latex/l3packages/l3keys2e/l3keys2e.sty
Package: l3keys2e 2012/09/29 v4249 LaTeX2e option processing using LaTeX3 keys
)
Variant \tl_if_blank:VTF already defined; not changing it on line 50
\l__siunitx_tmp_box=\box42
\l__siunitx_tmp_dim=\dimen139
\l__siunitx_tmp_int=\count123
Variant \prop_get:NVNT already defined; not changing it on line 361
Variant \prop_get:NVNF already defined; not changing it on line 362
Variant \prop_get:NVNTF already defined; not changing it on line 363
\l__siunitx_number_mantissa_length_int=\count124
\l__siunitx_number_uncert_length_int=\count125
\l__siunitx_round_int=\count126
\l__siunitx_process_decimal_int=\count127
\l__siunitx_process_uncertainty_int=\count128
\l__siunitx_process_fixed_int=\count129
\l__siunitx_process_integer_min_int=\count130
\l__siunitx_process_precision_int=\count131
\l__siunitx_group_min_int=\count132
\l__siunitx_angle_marker_box=\box43
\l__siunitx_angle_unit_box=\box44
\l__siunitx_angle_marker_dim=\dimen140
\l__siunitx_angle_unit_dim=\dimen141
\l__siunitx_unit_int=\count133
\l__siunitx_unit_denominator_int=\count134
\l__siunitx_unit_numerator_int=\count135
\l__siunitx_unit_prefix_int=\count136
\l__siunitx_unit_prefix_base_int=\count137
\l__siunitx_unit_prefix_gram_int=\count138
\l__siunitx_number_product_int=\count139
\c__siunitx_one_fill_skip=\skip49
\l__siunitx_table_unit_align_skip=\skip50
\l__siunitx_table_exponent_dim=\dimen142
\l__siunitx_table_integer_dim=\dimen143
\l__siunitx_table_mantissa_dim=\dimen144
\l__siunitx_table_marker_dim=\dimen145
\l__siunitx_table_result_dim=\dimen146
\l__siunitx_table_uncert_dim=\dimen147
\l__siunitx_table_fill_pre_dim=\dimen148
\l__siunitx_table_fill_post_dim=\dimen149
\l__siunitx_table_fill_mid_dim=\dimen150
\l__siunitx_table_pre_box=\box45
\l__siunitx_table_post_box=\box46
\l__siunitx_table_mantissa_box=\box47
\l__siunitx_table_result_box=\box48
\l__siunitx_table_number_align_skip=\skip51
\l__siunitx_table_text_align_skip=\skip52
.................................................
. LaTeX info: "xparse/define-command"
. 
. Defining document command \DeclareBinaryPrefix with arg. spec. 'mmm' on line
. 7066.
.................................................
.................................................
. LaTeX info: "xparse/define-command"
. 
. Defining document command \DeclareSIPostPower with arg. spec. 'mm' on line
. 7069.
.................................................
.................................................
. LaTeX info: "xparse/define-command"
. 
. Defining document command \DeclareSIPrefix with arg. spec. 'mmm' on line
. 7072.
.................................................
.................................................
. LaTeX info: "xparse/define-command"
. 
. Defining document command \DeclareSIPrePower with arg. spec. 'mm' on line
. 7075.
.................................................
.................................................
. LaTeX info: "xparse/define-command"
. 
. Defining document command \DeclareSIQualifier with arg. spec. 'mm' on line
. 7078.
.................................................
.................................................
. LaTeX info: "xparse/define-command"
. 
. Defining document command \DeclareSIUnit with arg. spec. 'O{}mm' on line
. 7081.
.................................................
.................................................
. LaTeX info: "xparse/define-command"
. 
. Defining document command \DeclareSIUnitWithOptions with arg. spec. 'mmm' on
. line 7084.
.................................................
.................................................
. LaTeX info: "xparse/define-command"
. 
. Defining document command \ang with arg. spec. 'o>{\SplitArgument {2}{;}}m'
. on line 7099.
.................................................
.................................................
. LaTeX info: "xparse/define-command"
. 
. Defining document command \num with arg. spec. 'om' on line 7107.
.................................................
.................................................
. LaTeX info: "xparse/define-command"
. 
. Defining document command \numlist with arg. spec. 'o>{\SplitList {;}}m' on
. line 7115.
.................................................
.................................................
. LaTeX info: "xparse/define-command"
. 
. Defining document command \numrange with arg. spec. 'omm' on line 7123.
.................................................
.................................................
. LaTeX info: "xparse/define-command"
. 
. Defining document command \SIlist with arg. spec. 'o>{\SplitList {;}}mm' on
. line 7134.
.................................................
.................................................
. LaTeX info: "xparse/define-command"
. 
. Defining document command \SIrange with arg. spec. 'ommm' on line 7145.
.................................................
.................................................
. LaTeX info: "xparse/define-command"
. 
. Defining document command \SI with arg. spec. 'omom' on line 7156.
.................................................
.................................................
. LaTeX info: "xparse/define-command"
. 
. Defining document command \sisetup with arg. spec. 'm' on line 7159.
.................................................
.................................................
. LaTeX info: "xparse/define-command"
. 
. Defining document command \tablenum with arg. spec. 'om' on line 7171.
.................................................
.................................................
. LaTeX info: "xparse/define-command"
. 
. Defining document command \si with arg. spec. 'om' on line 7182.
.................................................
.................................................
. LaTeX info: "xparse/define-command"
. 
. Defining document command \__siunitx_bookmark_num:w with arg. spec. 'om' on
. line 7226.
.................................................
.................................................
. LaTeX info: "xparse/define-command"
. 
. Defining document command \__siunitx_bookmark_numrange:w with arg. spec.
. 'omm' on line 7228.
.................................................
.................................................
. LaTeX info: "xparse/define-command"
. 
. Defining document command \__siunitx_bookmark_SI:w with arg. spec. 'omom' on
. line 7230.
.................................................
.................................................
. LaTeX info: "xparse/define-command"
. 
. Defining document command \__siunitx_bookmark_SIlist:w with arg. spec. 'omm'
. on line 7232.
.................................................
.................................................
. LaTeX info: "xparse/define-command"
. 
. Defining document command \__siunitx_bookmark_SIrange:w with arg. spec.
. 'ommm' on line 7234.
.................................................
.................................................
. LaTeX info: "xparse/define-command"
. 
. Defining document command \__siunitx_bookmark_si:w with arg. spec. 'om' on
. line 7235.
.................................................
\g__ior_internal_ior=\read1

(/usr/share/texmf-dist/tex/latex/beamer/translator/translator.sty
Package: translator 2010/06/12 ver 1.10

(/usr/share/texmf-dist/tex/latex/beamer/translator/translator-language-mappings
.tex))) (/usr/share/texmf-dist/tex/latex/xcolor/xcolor.sty
Package: xcolor 2007/01/21 v2.11 LaTeX color extensions (UK)

(/usr/share/texmf-dist/tex/latex/latexconfig/color.cfg
File: color.cfg 2007/01/18 v1.5 color configuration of teTeX/TeXLive
)
Package xcolor Info: Package option `usenames' ignored on input line 216.
Package xcolor Info: Driver file: pdftex.def on input line 225.
LaTeX Info: Redefining \color on input line 702.
Package xcolor Info: Model `cmy' substituted by `cmy0' on input line 1337.
Package xcolor Info: Model `hsb' substituted by `rgb' on input line 1341.
Package xcolor Info: Model `RGB' extended on input line 1353.
Package xcolor Info: Model `HTML' substituted by `rgb' on input line 1355.
Package xcolor Info: Model `Hsb' substituted by `hsb' on input line 1356.
Package xcolor Info: Model `tHsb' substituted by `hsb' on input line 1357.
Package xcolor Info: Model `HSB' substituted by `hsb' on input line 1358.
Package xcolor Info: Model `Gray' substituted by `gray' on input line 1359.
Package xcolor Info: Model `wave' substituted by `hsb' on input line 1360.

(/usr/share/texmf-dist/tex/latex/graphics/dvipsnam.def
File: dvipsnam.def 1999/02/16 v3.0i Driver-dependant file (DPC,SPQR)
))
(/usr/share/texmf-dist/tex/generic/babel/babel.sty
Package: babel 2008/07/08 v3.8m The Babel package

(/usr/share/texmf-dist/tex/generic/babel/english.ldf
Language: english 2005/03/30 v3.3o English support from the babel system

(/usr/share/texmf-dist/tex/generic/babel/babel.def
File: babel.def 2008/07/08 v3.8m Babel common definitions
\babel@savecnt=\count140
\U@D=\dimen151
)
\l@canadian = a dialect from \language\l@american 
\l@australian = a dialect from \language\l@british 
\l@newzealand = a dialect from \language\l@british 
))
(/usr/share/texmf-dist/tex/latex/amsfonts/amssymb.sty
Package: amssymb 2009/06/22 v3.00

(/usr/share/texmf-dist/tex/latex/amsfonts/amsfonts.sty
Package: amsfonts 2009/06/22 v3.00 Basic AMSFonts support
\symAMSa=\mathgroup4
\symAMSb=\mathgroup5
LaTeX Font Info:    Overwriting math alphabet `\mathfrak' in version `bold'
(Font)                  U/euf/m/n --> U/euf/b/n on input line 96.
))
(/usr/share/texmf-dist/tex/latex/geometry/geometry.sty
Package: geometry 2010/09/12 v5.6 Page Geometry

(/usr/share/texmf-dist/tex/generic/oberdiek/ifpdf.sty
Package: ifpdf 2011/01/30 v2.3 Provides the ifpdf switch (HO)
Package ifpdf Info: pdfTeX in PDF mode is detected.
)
(/usr/share/texmf-dist/tex/generic/oberdiek/ifvtex.sty
Package: ifvtex 2010/03/01 v1.5 Detect VTeX and its facilities (HO)
Package ifvtex Info: VTeX not detected.
)
(/usr/share/texmf-dist/tex/generic/ifxetex/ifxetex.sty
Package: ifxetex 2010/09/12 v0.6 Provides ifxetex conditional
)
\Gm@cnth=\count141
\Gm@cntv=\count142
\c@Gm@tempcnt=\count143
\Gm@bindingoffset=\dimen152
\Gm@wd@mp=\dimen153
\Gm@odd@mp=\dimen154
\Gm@even@mp=\dimen155
\Gm@layoutwidth=\dimen156
\Gm@layoutheight=\dimen157
\Gm@layouthoffset=\dimen158
\Gm@layoutvoffset=\dimen159
\Gm@dimlist=\toks20
) (build/HW_2.aux)
\openout1 = `HW_2.aux'.

LaTeX Font Info:    Checking defaults for OML/cmm/m/it on input line 13.
LaTeX Font Info:    ... okay on input line 13.
LaTeX Font Info:    Checking defaults for T1/cmr/m/n on input line 13.
LaTeX Font Info:    ... okay on input line 13.
LaTeX Font Info:    Checking defaults for OT1/cmr/m/n on input line 13.
LaTeX Font Info:    ... okay on input line 13.
LaTeX Font Info:    Checking defaults for OMS/cmsy/m/n on input line 13.
LaTeX Font Info:    ... okay on input line 13.
LaTeX Font Info:    Checking defaults for OMX/cmex/m/n on input line 13.
LaTeX Font Info:    ... okay on input line 13.
LaTeX Font Info:    Checking defaults for U/cmr/m/n on input line 13.
LaTeX Font Info:    ... okay on input line 13.

(/usr/share/texmf-dist/tex/context/base/supp-pdf.mkii
[Loading MPS to PDF converter (version 2006.09.02).]
\scratchcounter=\count144
\scratchdimen=\dimen160
\scratchbox=\box49
\nofMPsegments=\count145
\nofMParguments=\count146
\everyMPshowfont=\toks21
\MPscratchCnt=\count147
\MPscratchDim=\dimen161
\MPnumerator=\count148
\makeMPintoPDFobject=\count149
\everyMPtoPDFconversion=\toks22
) (/usr/share/texmf-dist/tex/generic/oberdiek/pdftexcmds.sty
Package: pdftexcmds 2011/11/29 v0.20 Utility functions of pdfTeX for LuaTeX (HO
)

(/usr/share/texmf-dist/tex/generic/oberdiek/ifluatex.sty
Package: ifluatex 2010/03/01 v1.3 Provides the ifluatex switch (HO)
Package ifluatex Info: LuaTeX not detected.
)
Package pdftexcmds Info: LuaTeX not detected.
Package pdftexcmds Info: \pdf@primitive is available.
Package pdftexcmds Info: \pdf@ifprimitive is available.
Package pdftexcmds Info: \pdfdraftmode found.
)
(/usr/share/texmf-dist/tex/latex/oberdiek/epstopdf-base.sty
Package: epstopdf-base 2010/02/09 v2.5 Base part for package epstopdf

(/usr/share/texmf-dist/tex/latex/oberdiek/grfext.sty
Package: grfext 2010/08/19 v1.1 Manage graphics extensions (HO)

(/usr/share/texmf-dist/tex/generic/oberdiek/kvdefinekeys.sty
Package: kvdefinekeys 2011/04/07 v1.3 Define keys (HO)
))
(/usr/share/texmf-dist/tex/latex/oberdiek/kvoptions.sty
Package: kvoptions 2011/06/30 v3.11 Key value format for package options (HO)

(/usr/share/texmf-dist/tex/generic/oberdiek/kvsetkeys.sty
Package: kvsetkeys 2012/04/25 v1.16 Key value parser (HO)

(/usr/share/texmf-dist/tex/generic/oberdiek/etexcmds.sty
Package: etexcmds 2011/02/16 v1.5 Avoid name clashes with e-TeX commands (HO)
Package etexcmds Info: Could not find \expanded.
(etexcmds)             That can mean that you are not using pdfTeX 1.50 or
(etexcmds)             that some package has redefined \expanded.
(etexcmds)             In the latter case, load this package earlier.
)))
Package grfext Info: Graphics extension search list:
(grfext)             [.png,.pdf,.jpg,.mps,.jpeg,.jbig2,.jb2,.PNG,.PDF,.JPG,.JPE
G,.JBIG2,.JB2,.eps]
(grfext)             \AppendGraphicsExtensions on input line 452.

(/usr/share/texmf-dist/tex/latex/latexconfig/epstopdf-sys.cfg
File: epstopdf-sys.cfg 2010/07/13 v1.3 Configuration of (r)epstopdf for TeX Liv
e
))
(/usr/share/texmf-dist/tex/latex/beamer/translator/dicts/translator-basic-dicti
onary/translator-basic-dictionary-English.dict
Dictionary: translator-basic-dictionary, Language: English 
)
(/usr/share/texmf-dist/tex/latex/siunitx/config/siunitx-abbreviations.cfg
File: siunitx-abbreviations.cfg 2012/11/13 v2.5k siunitx: Abbreviated units
)
(/usr/share/texmf-dist/tex/latex/siunitx/config/siunitx-binary.cfg
File: siunitx-binary.cfg 2012/11/13 v2.5k siunitx: Binary units
)
*geometry* driver: auto-detecting
*geometry* detected driver: pdftex
*geometry* verbose mode - [ preamble ] result:
* driver: pdftex
* paper: <default>
* layout: <same size as paper>
* layoutoffset:(h,v)=(0.0pt,0.0pt)
* modes: 
* h-part:(L,W,R)=(92.14519pt, 430.00462pt, 92.14519pt)
* v-part:(T,H,B)=(95.39737pt, 556.47656pt, 143.09605pt)
* \paperwidth=614.295pt
* \paperheight=794.96999pt
* \textwidth=430.00462pt
* \textheight=556.47656pt
* \oddsidemargin=19.8752pt
* \evensidemargin=19.8752pt
* \topmargin=-13.87262pt
* \headheight=12.0pt
* \headsep=25.0pt
* \topskip=10.0pt
* \footskip=30.0pt
* \marginparwidth=65.0pt
* \marginparsep=11.0pt
* \columnsep=10.0pt
* \skip\footins=9.0pt plus 4.0pt minus 2.0pt
* \hoffset=0.0pt
* \voffset=0.0pt
* \mag=1000
* \@twocolumnfalse
* \@twosidefalse
* \@mparswitchfalse
* \@reversemarginfalse
* (1in=72.27pt=25.4mm, 1cm=28.453pt)

\c__siunitx_mathsf_int=\count150
LaTeX Font Info:    Try loading font information for U+msa on input line 13.
(/usr/share/texmf-dist/tex/latex/amsfonts/umsa.fd
File: umsa.fd 2009/06/22 v3.00 AMS symbols A
)
LaTeX Font Info:    Try loading font information for U+msb on input line 13.

(/usr/share/texmf-dist/tex/latex/amsfonts/umsb.fd
File: umsb.fd 2009/06/22 v3.00 AMS symbols B
)
\c__siunitx_mathtt_int=\count151
 [1

{/var/lib/texmf/fonts/map/pdftex/updmap/pdftex.map}]
Assignment 2.
Package epstopdf Info: Source file: <drand48.eps>
(epstopdf)                    date: 2013-02-28 00:04:41
(epstopdf)                    size: 3056895 bytes
(epstopdf)             Output file: <drand48-eps-converted-to.pdf>
(epstopdf)                    date: 2013-02-28 00:06:14
(epstopdf)                    size: 147012 bytes
(epstopdf)             Command: <repstopdf --outfile=drand48-eps-converted-to.p
df drand48.eps>
(epstopdf)             \includegraphics on input line 33.
Package epstopdf Info: Output file is already uptodate.
<drand48-eps-converted-to.pdf, id=10, 521.95pt x 334.24875pt>
File: drand48-eps-converted-to.pdf Graphic file (type pdf)

<use drand48-eps-converted-to.pdf>
Package pdftex.def Info: drand48-eps-converted-to.pdf used on input line 33.
(pdftex.def)             Requested size: 219.2175pt x 140.38351pt.

Underfull \hbox (badness 10000) in paragraph at lines 29--35

 []

Package epstopdf Info: Source file: <randomOrg.eps>
(epstopdf)                    date: 2013-02-28 19:36:30
(epstopdf)                    size: 1542046 bytes
(epstopdf)             Output file: <randomOrg-eps-converted-to.pdf>
(epstopdf)                    date: 2013-02-28 19:36:43
(epstopdf)                    size: 101238 bytes
(epstopdf)             Command: <repstopdf --outfile=randomOrg-eps-converted-to
.pdf randomOrg.eps>
(epstopdf)             \includegraphics on input line 39.
Package epstopdf Info: Output file is already uptodate.
<randomOrg-eps-converted-to.pdf, id=11, 481.8pt x 297.11pt>
File: randomOrg-eps-converted-to.pdf Graphic file (type pdf)

<use randomOrg-eps-converted-to.pdf>
Package pdftex.def Info: randomOrg-eps-converted-to.pdf used on input line 39.
(pdftex.def)             Requested size: 337.25769pt x 207.97557pt.
 [1

 <./drand48-eps-converted-to.pdf>]
Package epstopdf Info: Source file: <powerResidue.eps>
(epstopdf)                    date: 2013-02-28 07:14:10
(epstopdf)                    size: 2923393 bytes
(epstopdf)             Output file: <powerResidue-eps-converted-to.pdf>
(epstopdf)                    date: 2013-02-28 07:15:06
(epstopdf)                    size: 117147 bytes
(epstopdf)             Command: <repstopdf --outfile=powerResidue-eps-converted
-to.pdf powerResidue.eps>
(epstopdf)             \includegraphics on input line 51.
Package epstopdf Info: Output file is already uptodate.

<powerResidue-eps-converted-to.pdf, id=30, 521.95pt x 335.2525pt>
File: powerResidue-eps-converted-to.pdf Graphic file (type pdf)

<use powerResidue-eps-converted-to.pdf>
Package pdftex.def Info: powerResidue-eps-converted-to.pdf used on input line 5
1.
(pdftex.def)             Requested size: 313.17241pt x 201.15305pt.

Underfull \hbox (badness 10000) in paragraph at lines 43--53

 []


Underfull \hbox (badness 10000) in paragraph at lines 43--53

 []


Underfull \hbox (badness 10000) in paragraph at lines 43--53

 []

[2 <./randomOrg-eps-converted-to.pdf>]
Package epstopdf Info: Source file: <drand48()XIXIK.eps>
(epstopdf)                    date: 2013-02-28 19:05:09
(epstopdf)                    size: 1633943 bytes
(epstopdf)             Output file: <drand48()XIXIK-eps-converted-to.pdf>
(epstopdf)                    date: 2013-02-28 22:30:27
(epstopdf)                    size: 118620 bytes
(epstopdf)             Command: <repstopdf --outfile=drand48()XIXIK-eps-convert
ed-to.pdf drand48()XIXIK.eps>
(epstopdf)             \includegraphics on input line 58.
Package epstopdf Info: Output file is already uptodate.

<drand48()XIXIK-eps-converted-to.pdf, id=47, 506.89375pt x 312.16624pt>
File: drand48()XIXIK-eps-converted-to.pdf Graphic file (type pdf)

<use drand48()XIXIK-eps-converted-to.pdf>
Package pdftex.def Info: drand48()XIXIK-eps-converted-to.pdf used on input line
 58.
(pdftex.def)             Requested size: 354.82321pt x 218.51488pt.

Underfull \hbox (badness 10000) in paragraph at lines 54--60

 []


Underfull \hbox (badness 10000) in paragraph at lines 54--60

 []

[3 <./powerResidue-eps-converted-to.pdf>]
Package epstopdf Info: Source file: <powerResidueXIXIK.eps>
(epstopdf)                    date: 2013-02-28 19:06:47
(epstopdf)                    size: 1675670 bytes
(epstopdf)             Output file: <powerResidueXIXIK-eps-converted-to.pdf>
(epstopdf)                    date: 2013-02-28 22:35:10
(epstopdf)                    size: 17932 bytes
(epstopdf)             Command: <repstopdf --outfile=powerResidueXIXIK-eps-conv
erted-to.pdf powerResidueXIXIK.eps>
(epstopdf)             \includegraphics on input line 66.
Package epstopdf Info: Output file is already uptodate.

<powerResidueXIXIK-eps-converted-to.pdf, id=66, 481.8pt x 311.1625pt>
File: powerResidueXIXIK-eps-converted-to.pdf Graphic file (type pdf)

<use powerResidueXIXIK-eps-converted-to.pdf>
Package pdftex.def Info: powerResidueXIXIK-eps-converted-to.pdf used on input l
ine 66.
(pdftex.def)             Requested size: 303.5356pt x 196.03342pt.

Underfull \hbox (badness 10000) in paragraph at lines 61--68

 []

Package epstopdf Info: Source file: <randHistorgram.eps>
(epstopdf)                    date: 2013-02-28 09:53:24
(epstopdf)                    size: 818873 bytes
(epstopdf)             Output file: <randHistorgram-eps-converted-to.pdf>
(epstopdf)                    date: 2013-02-28 22:07:40
(epstopdf)                    size: 7753 bytes
(epstopdf)             Command: <repstopdf --outfile=randHistorgram-eps-convert
ed-to.pdf randHistorgram.eps>
(epstopdf)             \includegraphics on input line 74.
Package epstopdf Info: Output file is already uptodate.
<randHistorgram-eps-converted-to.pdf, id=67, 406.51875pt x 257.96375pt>
File: randHistorgram-eps-converted-to.pdf Graphic file (type pdf)

<use randHistorgram-eps-converted-to.pdf>
Package pdftex.def Info: randHistorgram-eps-converted-to.pdf used on input line
 74.
(pdftex.def)             Requested size: 243.91312pt x 154.77943pt.

Underfull \hbox (badness 10000) in paragraph at lines 69--76

 []

[4 <./drand48()XIXIK-eps-converted-to.pdf> <./powerResidueXIXIK-eps-converted-t
o.pdf>]
Package epstopdf Info: Source file: <randOrgHist.eps>
(epstopdf)                    date: 2013-02-28 22:09:30
(epstopdf)                    size: 1049369 bytes
(epstopdf)             Output file: <randOrgHist-eps-converted-to.pdf>
(epstopdf)                    date: 2013-02-28 22:09:33
(epstopdf)                    size: 7736 bytes
(epstopdf)             Command: <repstopdf --outfile=randOrgHist-eps-converted-
to.pdf randOrgHist.eps>
(epstopdf)             \includegraphics on input line 80.
Package epstopdf Info: Output file is already uptodate.
 <randOrgHist-eps-converted-to.pdf, id=97, 483.8075pt x 305.14pt>
File: randOrgHist-eps-converted-to.pdf Graphic file (type pdf)

<use randOrgHist-eps-converted-to.pdf>
Package pdftex.def Info: randOrgHist-eps-converted-to.pdf used on input line 80
.
(pdftex.def)             Requested size: 241.90315pt x 152.56961pt.

Underfull \hbox (badness 10000) in paragraph at lines 83--94

 []


Underfull \hbox (badness 10000) in paragraph at lines 83--94

 []


Underfull \hbox (badness 10000) in paragraph at lines 83--94

 []


Underfull \hbox (badness 10000) in paragraph at lines 83--94

 []


Underfull \hbox (badness 10000) in paragraph at lines 83--94

 []


Underfull \hbox (badness 10000) in paragraph at lines 83--94

 []


Underfull \hbox (badness 10000) in paragraph at lines 83--94

 []

[5 <./randHistorgram-eps-converted-to.pdf> <./randOrgHist-eps-converted-to.pdf>
]
Underfull \hbox (badness 10000) in paragraph at lines 96--138

 []


Underfull \hbox (badness 10000) in paragraph at lines 96--138

 []


Underfull \hbox (badness 10000) in paragraph at lines 96--138

 []


Underfull \hbox (badness 10000) in paragraph at lines 96--138

 []


Underfull \hbox (badness 10000) in paragraph at lines 96--138

 []


Underfull \hbox (badness 10000) in paragraph at lines 96--138

 []


Underfull \hbox (badness 10000) in paragraph at lines 96--138

 []


Underfull \hbox (badness 10000) in paragraph at lines 96--138

 []


Underfull \hbox (badness 10000) in paragraph at lines 96--138

 []


Underfull \hbox (badness 10000) in paragraph at lines 96--138

 []


Underfull \hbox (badness 10000) in paragraph at lines 96--138

 []


Underfull \hbox (badness 10000) in paragraph at lines 96--138

 []


Underfull \hbox (badness 10000) in paragraph at lines 96--138

 []


Underfull \hbox (badness 10000) in paragraph at lines 96--138

 []


Underfull \hbox (badness 10000) in paragraph at lines 96--138

 []


Underfull \hbox (badness 10000) in paragraph at lines 96--138

 []


Underfull \hbox (badness 10000) in paragraph at lines 96--138

 []

[6]
Underfull \hbox (badness 10000) in paragraph at lines 140--181

 []


Underfull \hbox (badness 10000) in paragraph at lines 140--181

 []


Underfull \hbox (badness 10000) in paragraph at lines 140--181

 []


Underfull \hbox (badness 10000) in paragraph at lines 140--181

 []


Underfull \hbox (badness 10000) in paragraph at lines 140--181

 []


Underfull \hbox (badness 10000) in paragraph at lines 140--181

 []


Underfull \hbox (badness 10000) in paragraph at lines 140--181

 []


Underfull \hbox (badness 10000) in paragraph at lines 140--181

 []


Underfull \hbox (badness 10000) in paragraph at lines 140--181

 []


Underfull \hbox (badness 10000) in paragraph at lines 140--181

 []


Underfull \hbox (badness 10000) in paragraph at lines 140--181

 []


Underfull \hbox (badness 10000) in paragraph at lines 140--181

 []


Underfull \hbox (badness 10000) in paragraph at lines 140--181

 []


Underfull \hbox (badness 10000) in paragraph at lines 140--181

 []


Underfull \hbox (badness 10000) in paragraph at lines 140--181

 []


Underfull \hbox (badness 10000) in paragraph at lines 140--181

 []


Underfull \hbox (badness 10000) in paragraph at lines 140--181

 []


Underfull \hbox (badness 10000) in paragraph at lines 140--181

 []


Underfull \hbox (badness 10000) in paragraph at lines 189--192

 []

[7]
Underfull \hbox (badness 10000) in paragraph at lines 196--200

 []


Underfull \hbox (badness 10000) in paragraph at lines 196--200

 []

Package epstopdf Info: Source file: <integralVSiteration.eps>
(epstopdf)                    date: 2013-02-27 21:40:16
(epstopdf)                    size: 4293895 bytes
(epstopdf)             Output file: <integralVSiteration-eps-converted-to.pdf>
(epstopdf)                    date: 2013-02-27 21:41:38
(epstopdf)                    size: 409553 bytes
(epstopdf)             Command: <repstopdf --outfile=integralVSiteration-eps-co
nverted-to.pdf integralVSiteration.eps>
(epstopdf)             \includegraphics on input line 210.
Package epstopdf Info: Output file is already uptodate.
<integralVSiteration-eps-converted-to.pdf, id=123, 485.815pt x 303.1325pt>
File: integralVSiteration-eps-converted-to.pdf Graphic file (type pdf)

<use integralVSiteration-eps-converted-to.pdf>
Package pdftex.def Info: integralVSiteration-eps-converted-to.pdf used on input
 line 210.
(pdftex.def)             Requested size: 279.34145pt x 174.29984pt.

Underfull \hbox (badness 10000) in paragraph at lines 205--212

 []


Overfull \hbox (43.50992pt too wide) in paragraph at lines 205--212
\OT1/cmr/m/n/10 The rel-a-tive er-ror be-tween the Ap-prox-i-mate and Cal-cu-la
ted val-ues of the in-te-gral is $[][][]$. 
 []


Underfull \hbox (badness 10000) in paragraph at lines 215--218

 []

[8 <./integralVSiteration-eps-converted-to.pdf>]
Package epstopdf Info: Source file: <errorVSiteration.eps>
(epstopdf)                    date: 2013-02-27 21:39:46
(epstopdf)                    size: 4367104 bytes
(epstopdf)             Output file: <errorVSiteration-eps-converted-to.pdf>
(epstopdf)                    date: 2013-02-27 21:41:39
(epstopdf)                    size: 424777 bytes
(epstopdf)             Command: <repstopdf --outfile=errorVSiteration-eps-conve
rted-to.pdf errorVSiteration.eps>
(epstopdf)             \includegraphics on input line 221.
Package epstopdf Info: Output file is already uptodate.

<errorVSiteration-eps-converted-to.pdf, id=138, 448.67625pt x 278.03876pt>
File: errorVSiteration-eps-converted-to.pdf Graphic file (type pdf)

<use errorVSiteration-eps-converted-to.pdf>
Package pdftex.def Info: errorVSiteration-eps-converted-to.pdf used on input li
ne 221.
(pdftex.def)             Requested size: 314.07123pt x 194.6258pt.


! LaTeX Error: There's no line here to end.

See the LaTeX manual or LaTeX Companion for explanation.
Type  H <return>  for immediate help.
 ...                                              
                                                  
l.228 \\
        Notice how the plot of Relative-Error vs. Iterations(N) behaves as $...

Your command was ignored.
Type  I <command> <return>  to replace it with another command,
or  <return>  to continue without it.


! LaTeX Error: There's no line here to end.

See the LaTeX manual or LaTeX Companion for explanation.
Type  H <return>  for immediate help.
 ...                                              
                                                  
l.228 \\N
         otice how the plot of Relative-Error vs. Iterations(N) behaves as $...

Your command was ignored.
Type  I <command> <return>  to replace it with another command,
or  <return>  to continue without it.


Underfull \hbox (badness 10000) in paragraph at lines 228--234

 []


Underfull \hbox (badness 10000) in paragraph at lines 228--234

 []


! LaTeX Error: \begin{enumerate} on input line 188 ended by \end{itemize}.

See the LaTeX manual or LaTeX Companion for explanation.
Type  H <return>  for immediate help.
 ...                                              
                                                  
l.234 \end{itemize}
                   
Your command was ignored.
Type  I <command> <return>  to replace it with another command,
or  <return>  to continue without it.


! LaTeX Error: \begin{document} ended by \end{enumerate}.

See the LaTeX manual or LaTeX Companion for explanation.
Type  H <return>  for immediate help.
 ...                                              
                                                  
l.235 \end{enumerate}
                     
Your command was ignored.
Type  I <command> <return>  to replace it with another command,
or  <return>  to continue without it.

! Extra \endgroup.
<recently read> \endgroup 
                          
l.235 \end{enumerate}
                     
Things are pretty mixed up, but I think the worst is over.

[9 <./errorVSiteration-eps-converted-to.pdf>] (build/HW_2.aux) ) 
Here is how much of TeX's memory you used:
 11594 strings out of 493488
 241910 string characters out of 3146892
 252765 words of memory out of 3000000
 14719 multiletter control sequences out of 15000+200000
 14929 words of font info for 59 fonts, out of 3000000 for 9000
 957 hyphenation exceptions out of 8191
 38i,8n,35p,801b,607s stack positions out of 5000i,500n,10000p,200000b,50000s
</usr/share/tex
mf-dist/fonts/type1/public/amsfonts/cm/cmbx12.pfb></usr/share/texmf-dist/fonts/
type1/public/amsfonts/cm/cmex10.pfb></usr/share/texmf-dist/fonts/type1/public/a
msfonts/cm/cmmi10.pfb></usr/share/texmf-dist/fonts/type1/public/amsfonts/cm/cmm
i7.pfb></usr/share/texmf-dist/fonts/type1/public/amsfonts/cm/cmr10.pfb></usr/sh
are/texmf-dist/fonts/type1/public/amsfonts/cm/cmr12.pfb></usr/share/texmf-dist/
fonts/type1/public/amsfonts/cm/cmr17.pfb></usr/share/texmf-dist/fonts/type1/pub
lic/amsfonts/cm/cmr5.pfb></usr/share/texmf-dist/fonts/type1/public/amsfonts/cm/
cmr7.pfb></usr/share/texmf-dist/fonts/type1/public/amsfonts/cm/cmsy10.pfb></usr
/share/texmf-dist/fonts/type1/public/amsfonts/cm/cmsy5.pfb></usr/share/texmf-di
st/fonts/type1/public/amsfonts/cm/cmsy7.pfb></usr/share/texmf-dist/fonts/type1/
public/amsfonts/cm/cmtt12.pfb></usr/share/texmf-dist/fonts/type1/public/amsfont
s/symbols/msbm10.pfb>
Output written on build/HW_2.pdf (10 pages, 1467982 bytes).
PDF statistics:
 202 PDF objects out of 1000 (max. 8388607)
 143 compressed objects within 2 object streams
 0 named destinations out of 1000 (max. 500000)
 46 words of extra memory for PDF output out of 10000 (max. 10000000)

