This is pdfTeX, Version 3.1415926-2.4-1.40.13 (TeX Live 2012/Arch Linux) (format=pdflatex 2013.4.22)  26 APR 2013 18:42
entering extended mode
 restricted \write18 enabled.
 %&-line parsing enabled.
**HW_3.tex
(./HW_3.tex
LaTeX2e <2011/06/27>
Babel <v3.8m> and hyphenation patterns for english, dumylang, nohyphenation, ge
rman-x-2012-05-30, ngerman-x-2012-05-30, afrikaans, ancientgreek, ibycus, arabi
c, armenian, basque, bulgarian, catalan, pinyin, coptic, croatian, czech, danis
h, dutch, ukenglish, usenglishmax, esperanto, estonian, ethiopic, farsi, finnis
h, french, friulan, galician, german, ngerman, swissgerman, monogreek, greek, h
ungarian, icelandic, assamese, bengali, gujarati, hindi, kannada, malayalam, ma
rathi, oriya, panjabi, tamil, telugu, indonesian, interlingua, irish, italian, 
kurmanji, latin, latvian, lithuanian, mongolian, mongolianlmc, bokmal, nynorsk,
 polish, portuguese, romanian, romansh, russian, sanskrit, serbian, serbianc, s
lovak, slovenian, spanish, swedish, turkish, turkmen, ukrainian, uppersorbian, 
welsh, loaded.
(/usr/share/texmf-dist/tex/latex/base/report.cls
Document Class: report 2007/10/19 v1.4h Standard LaTeX document class
(/usr/share/texmf-dist/tex/latex/base/size10.clo
File: size10.clo 2007/10/19 v1.4h Standard LaTeX file (size option)
)
\c@part=\count79
\c@chapter=\count80
\c@section=\count81
\c@subsection=\count82
\c@subsubsection=\count83
\c@paragraph=\count84
\c@subparagraph=\count85
\c@figure=\count86
\c@table=\count87
\abovecaptionskip=\skip41
\belowcaptionskip=\skip42
\bibindent=\dimen102
)
(/usr/share/texmf-dist/tex/latex/graphics/graphicx.sty
Package: graphicx 1999/02/16 v1.0f Enhanced LaTeX Graphics (DPC,SPQR)

(/usr/share/texmf-dist/tex/latex/graphics/keyval.sty
Package: keyval 1999/03/16 v1.13 key=value parser (DPC)
\KV@toks@=\toks14
)
(/usr/share/texmf-dist/tex/latex/graphics/graphics.sty
Package: graphics 2009/02/05 v1.0o Standard LaTeX Graphics (DPC,SPQR)

(/usr/share/texmf-dist/tex/latex/graphics/trig.sty
Package: trig 1999/03/16 v1.09 sin cos tan (DPC)
)
(/usr/share/texmf-dist/tex/latex/latexconfig/graphics.cfg
File: graphics.cfg 2010/04/23 v1.9 graphics configuration of TeX Live
)
Package graphics Info: Driver file: pdftex.def on input line 91.

(/usr/share/texmf-dist/tex/latex/pdftex-def/pdftex.def
File: pdftex.def 2011/05/27 v0.06d Graphics/color for pdfTeX

(/usr/share/texmf-dist/tex/generic/oberdiek/infwarerr.sty
Package: infwarerr 2010/04/08 v1.3 Providing info/warning/error messages (HO)
)
(/usr/share/texmf-dist/tex/generic/oberdiek/ltxcmds.sty
Package: ltxcmds 2011/11/09 v1.22 LaTeX kernel commands for general use (HO)
)
\Gread@gobject=\count88
))
\Gin@req@height=\dimen103
\Gin@req@width=\dimen104
)
(/usr/share/texmf-dist/tex/latex/float/float.sty
Package: float 2001/11/08 v1.3d Float enhancements (AL)
\c@float@type=\count89
\float@exts=\toks15
\float@box=\box26
\@float@everytoks=\toks16
\@floatcapt=\box27
)
(/usr/share/texmf-dist/tex/latex/wrapfig/wrapfig.sty
\wrapoverhang=\dimen105
\WF@size=\dimen106
\c@WF@wrappedlines=\count90
\WF@box=\box28
\WF@everypar=\toks17
Package: wrapfig 2003/01/31  v 3.6
)
(/usr/share/texmf-dist/tex/latex/graphics/color.sty
Package: color 2005/11/14 v1.0j Standard LaTeX Color (DPC)

(/usr/share/texmf-dist/tex/latex/latexconfig/color.cfg
File: color.cfg 2007/01/18 v1.5 color configuration of teTeX/TeXLive
)
Package color Info: Driver file: pdftex.def on input line 130.
)
(/usr/share/texmf-dist/tex/latex/siunitx/siunitx.sty
(/usr/share/texmf-dist/tex/latex/l3kernel/expl3.sty
(/usr/share/texmf-dist/tex/latex/l3kernel/l3names.sty
(/usr/share/texmf-dist/tex/latex/l3kernel/l3bootstrap.sty
Package: l3bootstrap 2013/01/08 v4420 L3 Experimental bootstrap code
)
Package: l3names 2012/12/07 v4346 L3 Namespace for primitives
)
(/usr/share/texmf-dist/tex/latex/etex-pkg/etex.sty
Package: etex 1998/03/26 v2.0 eTeX basic definition package (PEB)
\et@xins=\count91
)
Package: expl3 2013/03/14 v4469 L3 Experimental code bundle wrapper

(/usr/share/texmf-dist/tex/latex/l3kernel/l3basics.sty
Package: l3basics 2013/01/10 v4428 L3 Basic definitions
)
(/usr/share/texmf-dist/tex/latex/l3kernel/l3expan.sty
Package: l3expan 2013/02/03 v4458 L3 Argument expansion
)
(/usr/share/texmf-dist/tex/latex/l3kernel/l3tl.sty
Package: l3tl 2013/01/08 v4415 L3 Token lists
)
(/usr/share/texmf-dist/tex/latex/l3kernel/l3seq.sty
Package: l3seq 2013/01/12 v4434 L3 Sequences and stacks
)
(/usr/share/texmf-dist/tex/latex/l3kernel/l3int.sty
Package: l3int 2013/01/13 v4444 L3 Integers
\c_max_int=\count92
\l_tmpa_int=\count93
\l_tmpb_int=\count94
\g_tmpa_int=\count95
\g_tmpb_int=\count96
)
(/usr/share/texmf-dist/tex/latex/l3kernel/l3quark.sty
Package: l3quark 2012/11/04 v4268 L3 Quarks
)
(/usr/share/texmf-dist/tex/latex/l3kernel/l3prg.sty
Package: l3prg 2013/02/13 v4459 L3 Control structures
\g__prg_map_int=\count97
)
(/usr/share/texmf-dist/tex/latex/l3kernel/l3clist.sty
Package: l3clist 2013/01/08 v4414 L3 Comma separated lists
)
(/usr/share/texmf-dist/tex/latex/l3kernel/l3token.sty
Package: l3token 2013/01/10 v4428 L3 Experimental token manipulation
)
(/usr/share/texmf-dist/tex/latex/l3kernel/l3prop.sty
Package: l3prop 2013/01/09 v4423 L3 Property lists
)
(/usr/share/texmf-dist/tex/latex/l3kernel/l3msg.sty
Package: l3msg 2013/01/08 v4412 L3 Messages
)
(/usr/share/texmf-dist/tex/latex/l3kernel/l3file.sty
Package: l3file 2013/01/14 v4446 L3 File and I/O operations
\l_iow_line_count_int=\count98
\l__iow_target_count_int=\count99
\l__iow_current_line_int=\count100
\l__iow_current_word_int=\count101
\l__iow_current_indentation_int=\count102
)
(/usr/share/texmf-dist/tex/latex/l3kernel/l3skip.sty
Package: l3skip 2013/01/13 v4444 L3 Dimensions and skips
\c_zero_dim=\dimen107
\c_max_dim=\dimen108
\l_tmpa_dim=\dimen109
\l_tmpb_dim=\dimen110
\g_tmpa_dim=\dimen111
\g_tmpb_dim=\dimen112
\c_zero_skip=\skip43
\c_max_skip=\skip44
\l_tmpa_skip=\skip45
\l_tmpb_skip=\skip46
\g_tmpa_skip=\skip47
\g_tmpb_skip=\skip48
\c_zero_muskip=\muskip10
\c_max_muskip=\muskip11
\l_tmpa_muskip=\muskip12
\l_tmpb_muskip=\muskip13
\g_tmpa_muskip=\muskip14
\g_tmpb_muskip=\muskip15
)
(/usr/share/texmf-dist/tex/latex/l3kernel/l3keys.sty
Package: l3keys 2013/02/24 v4461 L3 Experimental key-value interfaces
\g__keyval_level_int=\count103
\l_keys_choice_int=\count104
)
(/usr/share/texmf-dist/tex/latex/l3kernel/l3fp.sty
Package: l3fp 2013/01/19 v4449 L3 Floating points
\c__fp_leading_shift_int=\count105
\c__fp_middle_shift_int=\count106
\c__fp_trailing_shift_int=\count107
\c__fp_big_leading_shift_int=\count108
\c__fp_big_middle_shift_int=\count109
\c__fp_big_trailing_shift_int=\count110
\c__fp_Bigg_leading_shift_int=\count111
\c__fp_Bigg_middle_shift_int=\count112
\c__fp_Bigg_trailing_shift_int=\count113
)
(/usr/share/texmf-dist/tex/latex/l3kernel/l3box.sty
Package: l3box 2013/01/08 v4411 L3 Experimental boxes
\c_empty_box=\box29
\l_tmpa_box=\box30
\l_tmpb_box=\box31
\g_tmpa_box=\box32
\g_tmpb_box=\box33
)
(/usr/share/texmf-dist/tex/latex/l3kernel/l3coffins.sty
Package: l3coffins 2012/09/09 v4212 L3 Coffin code layer
\l__coffin_internal_box=\box34
\l__coffin_internal_dim=\dimen113
\l__coffin_offset_x_dim=\dimen114
\l__coffin_offset_y_dim=\dimen115
\l__coffin_x_dim=\dimen116
\l__coffin_y_dim=\dimen117
\l__coffin_x_prime_dim=\dimen118
\l__coffin_y_prime_dim=\dimen119
\c_empty_coffin=\box35
\l__coffin_aligned_coffin=\box36
\l__coffin_aligned_internal_coffin=\box37
\l_tmpa_coffin=\box38
\l_tmpb_coffin=\box39
\l__coffin_display_coffin=\box40
\l__coffin_display_coord_coffin=\box41
\l__coffin_display_pole_coffin=\box42
\l__coffin_display_offset_dim=\dimen120
\l__coffin_display_x_dim=\dimen121
\l__coffin_display_y_dim=\dimen122
)
(/usr/share/texmf-dist/tex/latex/l3kernel/l3color.sty
Package: l3color 2012/08/29 v4156 L3 Experimental color support
)
(/usr/share/texmf-dist/tex/latex/l3kernel/l3luatex.sty
Package: l3luatex 2012/08/03 v4049 L3 Experimental LuaTeX-specific functions
\g__cctab_allocate_int=\count114
\g__cctab_stack_int=\count115
)
(/usr/share/texmf-dist/tex/latex/l3kernel/l3candidates.sty
Package: l3candidates 2013/03/14 v4468 L3 Experimental additions to l3kernel
\l__box_top_dim=\dimen123
\l__box_bottom_dim=\dimen124
\l__box_left_dim=\dimen125
\l__box_right_dim=\dimen126
\l__box_top_new_dim=\dimen127
\l__box_bottom_new_dim=\dimen128
\l__box_left_new_dim=\dimen129
\l__box_right_new_dim=\dimen130
\l__box_internal_box=\box43
\l__coffin_bounding_shift_dim=\dimen131
\l__coffin_left_corner_dim=\dimen132
\l__coffin_right_corner_dim=\dimen133
\l__coffin_bottom_corner_dim=\dimen134
\l__coffin_top_corner_dim=\dimen135
\l__coffin_scaled_total_height_dim=\dimen136
\l__coffin_scaled_width_dim=\dimen137
)
(/usr/share/texmf-dist/tex/generic/oberdiek/ifpdf.sty
Package: ifpdf 2011/01/30 v2.3 Provides the ifpdf switch (HO)
Package ifpdf Info: pdfTeX in PDF mode is detected.
))
(/usr/share/texmf-dist/tex/latex/l3packages/xparse/xparse.sty
Package: xparse 2013/03/12 v4467 L3 Experimental document command parser
\l__xparse_current_arg_int=\count116
\l__xparse_m_args_int=\count117
\l__xparse_mandatory_args_int=\count118
\l__xparse_processor_int=\count119
\l__xparse_v_nesting_int=\count120
)
Package: siunitx 2013/03/11 v2.5q A comprehensive (SI) units package

(/usr/share/texmf-dist/tex/latex/amsmath/amstext.sty
Package: amstext 2000/06/29 v2.01

(/usr/share/texmf-dist/tex/latex/amsmath/amsgen.sty
File: amsgen.sty 1999/11/30 v2.0
\@emptytoks=\toks18
\ex@=\dimen138
))
(/usr/share/texmf-dist/tex/latex/tools/array.sty
Package: array 2008/09/09 v2.4c Tabular extension package (FMi)
\col@sep=\dimen139
\extrarowheight=\dimen140
\NC@list=\toks19
\extratabsurround=\skip49
\backup@length=\skip50
)
(/usr/share/texmf-dist/tex/latex/l3packages/l3keys2e/l3keys2e.sty
Package: l3keys2e 2013/03/12 v4467 LaTeX2e option processing using LaTeX3 keys
)
Variant \tl_if_blank:VTF already defined; not changing it on line 50
\l__siunitx_tmp_box=\box44
\l__siunitx_tmp_dim=\dimen141
\l__siunitx_tmp_int=\count121
Variant \prop_get:NVNT already defined; not changing it on line 371
Variant \prop_get:NVNF already defined; not changing it on line 372
Variant \prop_get:NVNTF already defined; not changing it on line 373
\l__siunitx_number_mantissa_length_int=\count122
\l__siunitx_number_uncert_length_int=\count123
\l__siunitx_round_int=\count124
\l__siunitx_process_decimal_int=\count125
\l__siunitx_process_uncertainty_int=\count126
\l__siunitx_process_fixed_int=\count127
\l__siunitx_process_integer_min_int=\count128
\l__siunitx_process_precision_int=\count129
\l__siunitx_group_min_int=\count130
\l__siunitx_angle_marker_box=\box45
\l__siunitx_angle_unit_box=\box46
\l__siunitx_angle_marker_dim=\dimen142
\l__siunitx_angle_unit_dim=\dimen143
\l__siunitx_unit_int=\count131
\l__siunitx_unit_denominator_int=\count132
\l__siunitx_unit_numerator_int=\count133
\l__siunitx_unit_prefix_int=\count134
\l__siunitx_unit_prefix_base_int=\count135
\l__siunitx_unit_prefix_gram_int=\count136
\l__siunitx_number_product_int=\count137
\c__siunitx_one_fill_skip=\skip51
\l__siunitx_table_unit_align_skip=\skip52
\l__siunitx_table_exponent_dim=\dimen144
\l__siunitx_table_integer_dim=\dimen145
\l__siunitx_table_mantissa_dim=\dimen146
\l__siunitx_table_marker_dim=\dimen147
\l__siunitx_table_result_dim=\dimen148
\l__siunitx_table_uncert_dim=\dimen149
\l__siunitx_table_fill_pre_dim=\dimen150
\l__siunitx_table_fill_post_dim=\dimen151
\l__siunitx_table_fill_mid_dim=\dimen152
\l__siunitx_table_pre_box=\box47
\l__siunitx_table_post_box=\box48
\l__siunitx_table_mantissa_box=\box49
\l__siunitx_table_result_box=\box50
\l__siunitx_table_number_align_skip=\skip53
\l__siunitx_table_text_align_skip=\skip54
.................................................
. LaTeX info: "xparse/define-command"
. 
. Defining document command \DeclareBinaryPrefix with arg. spec. 'mmm' on line
. 7101.
.................................................
.................................................
. LaTeX info: "xparse/define-command"
. 
. Defining document command \DeclareSIPostPower with arg. spec. 'mm' on line
. 7104.
.................................................
.................................................
. LaTeX info: "xparse/define-command"
. 
. Defining document command \DeclareSIPrefix with arg. spec. 'mmm' on line
. 7107.
.................................................
.................................................
. LaTeX info: "xparse/define-command"
. 
. Defining document command \DeclareSIPrePower with arg. spec. 'mm' on line
. 7110.
.................................................
.................................................
. LaTeX info: "xparse/define-command"
. 
. Defining document command \DeclareSIQualifier with arg. spec. 'mm' on line
. 7113.
.................................................
.................................................
. LaTeX info: "xparse/define-command"
. 
. Defining document command \DeclareSIUnit with arg. spec. 'O{}mm' on line
. 7116.
.................................................
.................................................
. LaTeX info: "xparse/define-command"
. 
. Defining document command \DeclareSIUnitWithOptions with arg. spec. 'mmm' on
. line 7119.
.................................................
.................................................
. LaTeX info: "xparse/define-command"
. 
. Defining document command \ang with arg. spec. 'o>{\SplitArgument {2}{;}}m'
. on line 7134.
.................................................
.................................................
. LaTeX info: "xparse/define-command"
. 
. Defining document command \num with arg. spec. 'om' on line 7142.
.................................................
.................................................
. LaTeX info: "xparse/define-command"
. 
. Defining document command \numlist with arg. spec. 'o>{\SplitList {;}}m' on
. line 7150.
.................................................
.................................................
. LaTeX info: "xparse/define-command"
. 
. Defining document command \numrange with arg. spec. 'omm' on line 7158.
.................................................
.................................................
. LaTeX info: "xparse/define-command"
. 
. Defining document command \SIlist with arg. spec. 'o>{\SplitList {;}}mm' on
. line 7169.
.................................................
.................................................
. LaTeX info: "xparse/define-command"
. 
. Defining document command \SIrange with arg. spec. 'ommm' on line 7180.
.................................................
.................................................
. LaTeX info: "xparse/define-command"
. 
. Defining document command \SI with arg. spec. 'omom' on line 7191.
.................................................
.................................................
. LaTeX info: "xparse/define-command"
. 
. Defining document command \sisetup with arg. spec. 'm' on line 7194.
.................................................
.................................................
. LaTeX info: "xparse/define-command"
. 
. Defining document command \tablenum with arg. spec. 'om' on line 7206.
.................................................
.................................................
. LaTeX info: "xparse/define-command"
. 
. Defining document command \si with arg. spec. 'om' on line 7217.
.................................................
.................................................
. LaTeX info: "xparse/define-command"
. 
. Defining document command \__siunitx_bookmark_num:w with arg. spec. 'om' on
. line 7262.
.................................................
.................................................
. LaTeX info: "xparse/define-command"
. 
. Defining document command \__siunitx_bookmark_numrange:w with arg. spec.
. 'omm' on line 7264.
.................................................
.................................................
. LaTeX info: "xparse/define-command"
. 
. Defining document command \__siunitx_bookmark_SI:w with arg. spec. 'omom' on
. line 7266.
.................................................
.................................................
. LaTeX info: "xparse/define-command"
. 
. Defining document command \__siunitx_bookmark_SIlist:w with arg. spec. 'omm'
. on line 7268.
.................................................
.................................................
. LaTeX info: "xparse/define-command"
. 
. Defining document command \__siunitx_bookmark_SIrange:w with arg. spec.
. 'ommm' on line 7270.
.................................................
.................................................
. LaTeX info: "xparse/define-command"
. 
. Defining document command \__siunitx_bookmark_si:w with arg. spec. 'om' on
. line 7271.
.................................................
\g__file_internal_ior=\read1

(/usr/share/texmf-dist/tex/latex/beamer/translator/translator.sty
Package: translator 2010/06/12 ver 1.10

(/usr/share/texmf-dist/tex/latex/beamer/translator/translator-language-mappings
.tex))) (/usr/share/texmf-dist/tex/latex/xcolor/xcolor.sty
Package: xcolor 2007/01/21 v2.11 LaTeX color extensions (UK)

(/usr/share/texmf-dist/tex/latex/latexconfig/color.cfg
File: color.cfg 2007/01/18 v1.5 color configuration of teTeX/TeXLive
)
Package xcolor Info: Package option `usenames' ignored on input line 216.
Package xcolor Info: Driver file: pdftex.def on input line 225.
LaTeX Info: Redefining \color on input line 702.
Package xcolor Info: Model `cmy' substituted by `cmy0' on input line 1337.
Package xcolor Info: Model `hsb' substituted by `rgb' on input line 1341.
Package xcolor Info: Model `RGB' extended on input line 1353.
Package xcolor Info: Model `HTML' substituted by `rgb' on input line 1355.
Package xcolor Info: Model `Hsb' substituted by `hsb' on input line 1356.
Package xcolor Info: Model `tHsb' substituted by `hsb' on input line 1357.
Package xcolor Info: Model `HSB' substituted by `hsb' on input line 1358.
Package xcolor Info: Model `Gray' substituted by `gray' on input line 1359.
Package xcolor Info: Model `wave' substituted by `hsb' on input line 1360.

(/usr/share/texmf-dist/tex/latex/graphics/dvipsnam.def
File: dvipsnam.def 1999/02/16 v3.0i Driver-dependant file (DPC,SPQR)
))
(/usr/share/texmf-dist/tex/generic/babel/babel.sty
Package: babel 2008/07/08 v3.8m The Babel package

(/usr/share/texmf-dist/tex/generic/babel/english.ldf
Language: english 2005/03/30 v3.3o English support from the babel system

(/usr/share/texmf-dist/tex/generic/babel/babel.def
File: babel.def 2008/07/08 v3.8m Babel common definitions
\babel@savecnt=\count138
\U@D=\dimen153
)
\l@canadian = a dialect from \language\l@american 
\l@australian = a dialect from \language\l@british 
\l@newzealand = a dialect from \language\l@british 
))
(/usr/share/texmf-dist/tex/latex/amsfonts/amssymb.sty
Package: amssymb 2013/01/14 v3.01 AMS font symbols

(/usr/share/texmf-dist/tex/latex/amsfonts/amsfonts.sty
Package: amsfonts 2013/01/14 v3.01 Basic AMSFonts support
\symAMSa=\mathgroup4
\symAMSb=\mathgroup5
LaTeX Font Info:    Overwriting math alphabet `\mathfrak' in version `bold'
(Font)                  U/euf/m/n --> U/euf/b/n on input line 106.
))
(/usr/share/texmf-dist/tex/latex/geometry/geometry.sty
Package: geometry 2010/09/12 v5.6 Page Geometry

(/usr/share/texmf-dist/tex/generic/oberdiek/ifvtex.sty
Package: ifvtex 2010/03/01 v1.5 Detect VTeX and its facilities (HO)
Package ifvtex Info: VTeX not detected.
)
(/usr/share/texmf-dist/tex/generic/ifxetex/ifxetex.sty
Package: ifxetex 2010/09/12 v0.6 Provides ifxetex conditional
)
\Gm@cnth=\count139
\Gm@cntv=\count140
\c@Gm@tempcnt=\count141
\Gm@bindingoffset=\dimen154
\Gm@wd@mp=\dimen155
\Gm@odd@mp=\dimen156
\Gm@even@mp=\dimen157
\Gm@layoutwidth=\dimen158
\Gm@layoutheight=\dimen159
\Gm@layouthoffset=\dimen160
\Gm@layoutvoffset=\dimen161
\Gm@dimlist=\toks20
) (build/HW_3.aux

LaTeX Warning: Label `sej' multiply defined.


LaTeX Warning: Label `sej' multiply defined.


LaTeX Warning: Label `fatEarth' multiply defined.


LaTeX Warning: Label `fatEarth' multiply defined.


LaTeX Warning: Label `fatEarth' multiply defined.


LaTeX Warning: Label `fatEarth' multiply defined.


LaTeX Warning: Label `fatEarth' multiply defined.


LaTeX Warning: Label `fatEarth' multiply defined.


LaTeX Warning: Label `fatEarth' multiply defined.

)
\openout1 = `HW_3.aux'.

LaTeX Font Info:    Checking defaults for OML/cmm/m/it on input line 13.
LaTeX Font Info:    ... okay on input line 13.
LaTeX Font Info:    Checking defaults for T1/cmr/m/n on input line 13.
LaTeX Font Info:    ... okay on input line 13.
LaTeX Font Info:    Checking defaults for OT1/cmr/m/n on input line 13.
LaTeX Font Info:    ... okay on input line 13.
LaTeX Font Info:    Checking defaults for OMS/cmsy/m/n on input line 13.
LaTeX Font Info:    ... okay on input line 13.
LaTeX Font Info:    Checking defaults for OMX/cmex/m/n on input line 13.
LaTeX Font Info:    ... okay on input line 13.
LaTeX Font Info:    Checking defaults for U/cmr/m/n on input line 13.
LaTeX Font Info:    ... okay on input line 13.
 (/usr/share/texmf-dist/tex/context/base/supp-pdf.mkii
[Loading MPS to PDF converter (version 2006.09.02).]
\scratchcounter=\count142
\scratchdimen=\dimen162
\scratchbox=\box51
\nofMPsegments=\count143
\nofMParguments=\count144
\everyMPshowfont=\toks21
\MPscratchCnt=\count145
\MPscratchDim=\dimen163
\MPnumerator=\count146
\makeMPintoPDFobject=\count147
\everyMPtoPDFconversion=\toks22
) (/usr/share/texmf-dist/tex/generic/oberdiek/pdftexcmds.sty
Package: pdftexcmds 2011/11/29 v0.20 Utility functions of pdfTeX for LuaTeX (HO
)

(/usr/share/texmf-dist/tex/generic/oberdiek/ifluatex.sty
Package: ifluatex 2010/03/01 v1.3 Provides the ifluatex switch (HO)
Package ifluatex Info: LuaTeX not detected.
)
Package pdftexcmds Info: LuaTeX not detected.
Package pdftexcmds Info: \pdf@primitive is available.
Package pdftexcmds Info: \pdf@ifprimitive is available.
Package pdftexcmds Info: \pdfdraftmode found.
)
(/usr/share/texmf-dist/tex/latex/oberdiek/epstopdf-base.sty
Package: epstopdf-base 2010/02/09 v2.5 Base part for package epstopdf

(/usr/share/texmf-dist/tex/latex/oberdiek/grfext.sty
Package: grfext 2010/08/19 v1.1 Manage graphics extensions (HO)

(/usr/share/texmf-dist/tex/generic/oberdiek/kvdefinekeys.sty
Package: kvdefinekeys 2011/04/07 v1.3 Define keys (HO)
))
(/usr/share/texmf-dist/tex/latex/oberdiek/kvoptions.sty
Package: kvoptions 2011/06/30 v3.11 Key value format for package options (HO)

(/usr/share/texmf-dist/tex/generic/oberdiek/kvsetkeys.sty
Package: kvsetkeys 2012/04/25 v1.16 Key value parser (HO)

(/usr/share/texmf-dist/tex/generic/oberdiek/etexcmds.sty
Package: etexcmds 2011/02/16 v1.5 Avoid name clashes with e-TeX commands (HO)
Package etexcmds Info: Could not find \expanded.
(etexcmds)             That can mean that you are not using pdfTeX 1.50 or
(etexcmds)             that some package has redefined \expanded.
(etexcmds)             In the latter case, load this package earlier.
)))
Package grfext Info: Graphics extension search list:
(grfext)             [.png,.pdf,.jpg,.mps,.jpeg,.jbig2,.jb2,.PNG,.PDF,.JPG,.JPE
G,.JBIG2,.JB2,.eps]
(grfext)             \AppendGraphicsExtensions on input line 452.

(/usr/share/texmf-dist/tex/latex/latexconfig/epstopdf-sys.cfg
File: epstopdf-sys.cfg 2010/07/13 v1.3 Configuration of (r)epstopdf for TeX Liv
e
))
(/usr/share/texmf-dist/tex/latex/beamer/translator/dicts/translator-basic-dicti
onary/translator-basic-dictionary-English.dict
Dictionary: translator-basic-dictionary, Language: English 
)
(/usr/share/texmf-dist/tex/latex/siunitx/config/siunitx-abbreviations.cfg
File: siunitx-abbreviations.cfg 2013/03/11 v2.5q siunitx: Abbreviated units
)
*geometry* driver: auto-detecting
*geometry* detected driver: pdftex
*geometry* verbose mode - [ preamble ] result:
* driver: pdftex
* paper: <default>
* layout: <same size as paper>
* layoutoffset:(h,v)=(0.0pt,0.0pt)
* modes: 
* h-part:(L,W,R)=(92.14519pt, 430.00462pt, 92.14519pt)
* v-part:(T,H,B)=(95.39737pt, 556.47656pt, 143.09605pt)
* \paperwidth=614.295pt
* \paperheight=794.96999pt
* \textwidth=430.00462pt
* \textheight=556.47656pt
* \oddsidemargin=19.8752pt
* \evensidemargin=19.8752pt
* \topmargin=-13.87262pt
* \headheight=12.0pt
* \headsep=25.0pt
* \topskip=10.0pt
* \footskip=30.0pt
* \marginparwidth=65.0pt
* \marginparsep=11.0pt
* \columnsep=10.0pt
* \skip\footins=9.0pt plus 4.0pt minus 2.0pt
* \hoffset=0.0pt
* \voffset=0.0pt
* \mag=1000
* \@twocolumnfalse
* \@twosidefalse
* \@mparswitchfalse
* \@reversemarginfalse
* (1in=72.27pt=25.4mm, 1cm=28.453pt)

\c__siunitx_mathsf_int=\count148
LaTeX Font Info:    Try loading font information for U+msa on input line 13.
(/usr/share/texmf-dist/tex/latex/amsfonts/umsa.fd
File: umsa.fd 2013/01/14 v3.01 AMS symbols A
)
LaTeX Font Info:    Try loading font information for U+msb on input line 13.

(/usr/share/texmf-dist/tex/latex/amsfonts/umsb.fd
File: umsb.fd 2013/01/14 v3.01 AMS symbols B
)
\c__siunitx_mathtt_int=\count149
 [1

{/var/lib/texmf/fonts/map/pdftex/updmap/pdftex.map}]
Assignment 5.

Underfull \hbox (badness 10000) in paragraph at lines 30--34

 []


Underfull \hbox (badness 10000) in paragraph at lines 30--34

 []

Package epstopdf Info: Source file: <sej.eps>
(epstopdf)                    date: 2013-03-28 12:15:54
(epstopdf)                    size: 2871457 bytes
(epstopdf)             Output file: <sej-eps-converted-to.pdf>
(epstopdf)                    date: 2013-03-28 12:15:56
(epstopdf)                    size: 163424 bytes
(epstopdf)             Command: <repstopdf --outfile=sej-eps-converted-to.pdf s
ej.eps>
(epstopdf)             \includegraphics on input line 52.
Package epstopdf Info: Output file is already uptodate.
<sej-eps-converted-to.pdf, id=12, 404.51125pt x 266.9975pt>
File: sej-eps-converted-to.pdf Graphic file (type pdf)

<use sej-eps-converted-to.pdf>
Package pdftex.def Info: sej-eps-converted-to.pdf used on input line 52.
(pdftex.def)             Requested size: 372.14868pt x 245.63658pt.


! LaTeX Error: There's no line here to end.

See the LaTeX manual or LaTeX Companion for explanation.
Type  H <return>  for immediate help.
 ...                                              
                                                  
l.56 \\
       In simple circuits, solving for equivalent resistance, voltage and cu...

Your command was ignored.
Type  I <command> <return>  to replace it with another command,
or  <return>  to continue without it.


! LaTeX Error: There's no line here to end.

See the LaTeX manual or LaTeX Companion for explanation.
Type  H <return>  for immediate help.
 ...                                              
                                                  
l.56 \\I
        n simple circuits, solving for equivalent resistance, voltage and cu...

Your command was ignored.
Type  I <command> <return>  to replace it with another command,
or  <return>  to continue without it.

[1

]
Underfull \hbox (badness 10000) in paragraph at lines 56--59

 []

[2 <./sej-eps-converted-to.pdf>] [3]
Underfull \hbox (badness 10000) in paragraph at lines 121--125

 []


Underfull \hbox (badness 10000) in paragraph at lines 121--125

 []

Package epstopdf Info: Source file: <sej.eps>
(epstopdf)                    date: 2013-03-28 12:15:54
(epstopdf)                    size: 2871457 bytes
(epstopdf)             Output file: <sej-eps-converted-to.pdf>
(epstopdf)                    date: 2013-03-28 12:15:56
(epstopdf)                    size: 163424 bytes
(epstopdf)             Command: <repstopdf --outfile=sej-eps-converted-to.pdf s
ej.eps>
(epstopdf)             \includegraphics on input line 130.
Package epstopdf Info: Output file is already uptodate.
File: sej-eps-converted-to.pdf Graphic file (type pdf)
<use sej-eps-converted-to.pdf>
Package pdftex.def Info: sej-eps-converted-to.pdf used on input line 130.
(pdftex.def)             Requested size: 372.14868pt x 245.63658pt.

Underfull \hbox (badness 10000) in paragraph at lines 125--132

 []

Package epstopdf Info: Source file: <sejCircle.eps>
(epstopdf)                    date: 2013-03-28 14:45:42
(epstopdf)                    size: 2457471 bytes
(epstopdf)             Output file: <sejCircle-eps-converted-to.pdf>
(epstopdf)                    date: 2013-03-28 14:45:48
(epstopdf)                    size: 163760 bytes
(epstopdf)             Command: <repstopdf --outfile=sejCircle-eps-converted-to
.pdf sejCircle.eps>
(epstopdf)             \includegraphics on input line 136.
Package epstopdf Info: Output file is already uptodate.
<sejCircle-eps-converted-to.pdf, id=41, 333.245pt x 336.25626pt>
File: sejCircle-eps-converted-to.pdf Graphic file (type pdf)

<use sejCircle-eps-converted-to.pdf>
Package pdftex.def Info: sejCircle-eps-converted-to.pdf used on input line 136.

(pdftex.def)             Requested size: 209.94545pt x 211.84256pt.
 [4]
Package epstopdf Info: Source file: <sejCircle.eps>
(epstopdf)                    date: 2013-03-28 14:45:42
(epstopdf)                    size: 2457471 bytes
(epstopdf)             Output file: <sejCircle-eps-converted-to.pdf>
(epstopdf)                    date: 2013-03-28 14:45:48
(epstopdf)                    size: 163760 bytes
(epstopdf)             Command: <repstopdf --outfile=sejCircle-eps-converted-to
.pdf sejCircle.eps>
(epstopdf)             \includegraphics on input line 142.
Package epstopdf Info: Output file is already uptodate.
File: sejCircle-eps-converted-to.pdf Graphic file (type pdf)
 <use sejCircle-eps-converted-to.pdf>
Package pdftex.def Info: sejCircle-eps-converted-to.pdf used on input line 142.

(pdftex.def)             Requested size: 209.94545pt x 211.84256pt.

[5 <./sejCircle-eps-converted-to.pdf>]
Package epstopdf Info: Source file: <interactEarth.eps>
(epstopdf)                    date: 2013-03-28 14:24:04
(epstopdf)                    size: 3583134 bytes
(epstopdf)             Output file: <interactEarth-eps-converted-to.pdf>
(epstopdf)                    date: 2013-03-28 14:54:06
(epstopdf)                    size: 10495 bytes
(epstopdf)             Command: <repstopdf --outfile=interactEarth-eps-converte
d-to.pdf interactEarth.eps>
(epstopdf)             \includegraphics on input line 148.
Package epstopdf Info: Output file is already uptodate.

<interactEarth-eps-converted-to.pdf, id=61, 444.66125pt x 265.99374pt>
File: interactEarth-eps-converted-to.pdf Graphic file (type pdf)

<use interactEarth-eps-converted-to.pdf>
Package pdftex.def Info: interactEarth-eps-converted-to.pdf used on input line 
148.
(pdftex.def)             Requested size: 400.19142pt x 239.39215pt.
Package epstopdf Info: Source file: <interactJupiter.eps>
(epstopdf)                    date: 2013-03-28 15:17:14
(epstopdf)                    size: 3327123 bytes
(epstopdf)             Output file: <interactJupiter-eps-converted-to.pdf>
(epstopdf)                    date: 2013-03-28 15:17:47
(epstopdf)                    size: 10035 bytes
(epstopdf)             Command: <repstopdf --outfile=interactJupiter-eps-conver
ted-to.pdf interactJupiter.eps>
(epstopdf)             \includegraphics on input line 153.
Package epstopdf Info: Output file is already uptodate.

<interactJupiter-eps-converted-to.pdf, id=62, 426.59375pt x 256.96pt>
File: interactJupiter-eps-converted-to.pdf Graphic file (type pdf)

<use interactJupiter-eps-converted-to.pdf>
Package pdftex.def Info: interactJupiter-eps-converted-to.pdf used on input lin
e 153.
(pdftex.def)             Requested size: 383.93082pt x 231.26186pt.
 [6 <./interactEarth-eps-converted-to.pdf>]
Underfull \hbox (badness 10000) in paragraph at lines 157--160

 []


Underfull \hbox (badness 10000) in paragraph at lines 157--160

 []


Underfull \hbox (badness 10000) in paragraph at lines 160--165

 []


Underfull \hbox (badness 10000) in paragraph at lines 160--165

 []

[7 <./interactJupiter-eps-converted-to.pdf>]
Package epstopdf Info: Source file: <keplers2nd.eps>
(epstopdf)                    date: 2013-03-28 16:00:00
(epstopdf)                    size: 162522 bytes
(epstopdf)             Output file: <keplers2nd-eps-converted-to.pdf>
(epstopdf)                    date: 2013-03-28 16:00:05
(epstopdf)                    size: 67713 bytes
(epstopdf)             Command: <repstopdf --outfile=keplers2nd-eps-converted-t
o.pdf keplers2nd.eps>
(epstopdf)             \includegraphics on input line 213.
Package epstopdf Info: Output file is already uptodate.

<keplers2nd-eps-converted-to.pdf, id=97, 847.165pt x 646.415pt>
File: keplers2nd-eps-converted-to.pdf Graphic file (type pdf)

<use keplers2nd-eps-converted-to.pdf>
Package pdftex.def Info: keplers2nd-eps-converted-to.pdf used on input line 213
.
(pdftex.def)             Requested size: 211.79073pt x 161.60335pt.

Underfull \hbox (badness 10000) in paragraph at lines 206--215

 []

[8]

LaTeX Font Warning: Command \small invalid in math mode on input line 218.


LaTeX Font Warning: Command \small invalid in math mode on input line 220.


LaTeX Font Warning: Command \small invalid in math mode on input line 222.

Package epstopdf Info: Source file: <fatEarth.eps>
(epstopdf)                    date: 2013-03-28 16:53:14
(epstopdf)                    size: 2385803 bytes
(epstopdf)             Output file: <fatEarth-eps-converted-to.pdf>
(epstopdf)                    date: 2013-03-28 17:00:45
(epstopdf)                    size: 188336 bytes
(epstopdf)             Command: <repstopdf --outfile=fatEarth-eps-converted-to.
pdf fatEarth.eps>
(epstopdf)             \includegraphics on input line 231.
Package epstopdf Info: Output file is already uptodate.
<fatEarth-eps-converted-to.pdf, id=101, 416.55624pt x 406.51875pt>
File: fatEarth-eps-converted-to.pdf Graphic file (type pdf)

<use fatEarth-eps-converted-to.pdf>
Package pdftex.def Info: fatEarth-eps-converted-to.pdf used on input line 231.
(pdftex.def)             Requested size: 312.41641pt x 304.8883pt.

Underfull \hbox (badness 10000) in paragraph at lines 224--233

 []


Underfull \hbox (badness 10000) in paragraph at lines 224--233

 []

[9 <./keplers2nd-eps-converted-to.pdf>]
Underfull \hbox (badness 10000) in paragraph at lines 235--237

 []

Package epstopdf Info: Source file: <precession.eps>
(epstopdf)                    date: 2013-03-28 17:12:00
(epstopdf)                    size: 1727325 bytes
(epstopdf)             Output file: <precession-eps-converted-to.pdf>
(epstopdf)                    date: 2013-03-28 22:42:38
(epstopdf)                    size: 15779 bytes
(epstopdf)             Command: <repstopdf --outfile=precession-eps-converted-t
o.pdf precession.eps>
(epstopdf)             \includegraphics on input line 245.
Package epstopdf Info: Output file is already uptodate.
<precession-eps-converted-to.pdf, id=109, 444.66125pt x 438.63875pt>
File: precession-eps-converted-to.pdf Graphic file (type pdf)

<use precession-eps-converted-to.pdf>
Package pdftex.def Info: precession-eps-converted-to.pdf used on input line 245
.
(pdftex.def)             Requested size: 333.49512pt x 328.97824pt.

Underfull \hbox (badness 10000) in paragraph at lines 238--247

 []


Underfull \hbox (badness 10000) in paragraph at lines 238--247

 []


Underfull \hbox (badness 10000) in paragraph at lines 238--247

 []

[10 <./fatEarth-eps-converted-to.pdf>]
Underfull \hbox (badness 10000) in paragraph at lines 248--253

 []


Underfull \hbox (badness 10000) in paragraph at lines 248--253

 []


Underfull \hbox (badness 10000) in paragraph at lines 248--253

 []


Underfull \hbox (badness 10000) in paragraph at lines 248--253

 []

Package epstopdf Info: Source file: <doublepend.eps>
(epstopdf)                    date: 2013-03-28 18:29:22
(epstopdf)                    size: 45739 bytes
(epstopdf)             Output file: <doublepend-eps-converted-to.pdf>
(epstopdf)                    date: 2013-03-28 18:29:31
(epstopdf)                    size: 18163 bytes
(epstopdf)             Command: <repstopdf --outfile=doublepend-eps-converted-t
o.pdf doublepend.eps>
(epstopdf)             \includegraphics on input line 257.
Package epstopdf Info: Output file is already uptodate.
<doublepend-eps-converted-to.pdf, id=126, 236.885pt x 320.19624pt>
File: doublepend-eps-converted-to.pdf Graphic file (type pdf)

<use doublepend-eps-converted-to.pdf>
Package pdftex.def Info: doublepend-eps-converted-to.pdf used on input line 257
.
(pdftex.def)             Requested size: 189.50824pt x 256.15733pt.

Underfull \hbox (badness 10000) in paragraph at lines 253--259

 []


Underfull \hbox (badness 10000) in paragraph at lines 253--259

 []

[11 <./precession-eps-converted-to.pdf>]
Underfull \hbox (badness 10000) in paragraph at lines 260--263

 []


Underfull \hbox (badness 10000) in paragraph at lines 260--263

 []

Package epstopdf Info: Source file: <doublePend.eps>
(epstopdf)                    date: 2013-03-28 19:32:16
(epstopdf)                    size: 1653532 bytes
(epstopdf)             Output file: <doublePend-eps-converted-to.pdf>
(epstopdf)                    date: 2013-03-28 19:33:43
(epstopdf)                    size: 111372 bytes
(epstopdf)             Command: <repstopdf --outfile=doublePend-eps-converted-t
o.pdf doublePend.eps>
(epstopdf)             \includegraphics on input line 274.
Package epstopdf Info: Output file is already uptodate.
<doublePend-eps-converted-to.pdf, id=139, 491.8375pt x 478.78876pt>
File: doublePend-eps-converted-to.pdf Graphic file (type pdf)

<use doublePend-eps-converted-to.pdf>
Package pdftex.def Info: doublePend-eps-converted-to.pdf used on input line 274
.
(pdftex.def)             Requested size: 245.91814pt x 239.39378pt.

Underfull \hbox (badness 10000) in paragraph at lines 269--276

 []

[12 <./doublepend-eps-converted-to.pdf>]
Package epstopdf Info: Source file: <ideal.eps>
(epstopdf)                    date: 2013-03-28 19:43:09
(epstopdf)                    size: 505377 bytes
(epstopdf)             Output file: <ideal-eps-converted-to.pdf>
(epstopdf)                    date: 2013-03-28 20:16:35
(epstopdf)                    size: 112366 bytes
(epstopdf)             Command: <repstopdf --outfile=ideal-eps-converted-to.pdf
 ideal.eps>
(epstopdf)             \includegraphics on input line 280.
Package epstopdf Info: Output file is already uptodate.

<ideal-eps-converted-to.pdf, id=147, 260.975pt x 260.975pt>
File: ideal-eps-converted-to.pdf Graphic file (type pdf)

<use ideal-eps-converted-to.pdf>
Package pdftex.def Info: ideal-eps-converted-to.pdf used on input line 280.
(pdftex.def)             Requested size: 130.48718pt x 130.48718pt.
Package epstopdf Info: Source file: <pihalves.eps>
(epstopdf)                    date: 2013-03-28 19:27:53
(epstopdf)                    size: 1408145 bytes
(epstopdf)             Output file: <pihalves-eps-converted-to.pdf>
(epstopdf)                    date: 2013-03-28 19:33:43
(epstopdf)                    size: 110002 bytes
(epstopdf)             Command: <repstopdf --outfile=pihalves-eps-converted-to.
pdf pihalves.eps>
(epstopdf)             \includegraphics on input line 288.
Package epstopdf Info: Output file is already uptodate.

<pihalves-eps-converted-to.pdf, id=148, 491.8375pt x 304.13625pt>
File: pihalves-eps-converted-to.pdf Graphic file (type pdf)

<use pihalves-eps-converted-to.pdf>
Package pdftex.def Info: pihalves-eps-converted-to.pdf used on input line 288.
(pdftex.def)             Requested size: 181.97702pt x 112.52864pt.

Underfull \hbox (badness 10000) in paragraph at lines 283--290

 []

[13 <./doublePend-eps-converted-to.pdf> <./ideal-eps-converted-to.pdf>]
Package epstopdf Info: Source file: <pihalves001.eps>
(epstopdf)                    date: 2013-03-28 19:28:51
(epstopdf)                    size: 1405820 bytes
(epstopdf)             Output file: <pihalves001-eps-converted-to.pdf>
(epstopdf)                    date: 2013-03-28 19:33:43
(epstopdf)                    size: 110095 bytes
(epstopdf)             Command: <repstopdf --outfile=pihalves001-eps-converted-
to.pdf pihalves001.eps>
(epstopdf)             \includegraphics on input line 294.
Package epstopdf Info: Output file is already uptodate.

<pihalves001-eps-converted-to.pdf, id=175, 491.8375pt x 303.1325pt>
File: pihalves001-eps-converted-to.pdf Graphic file (type pdf)

<use pihalves001-eps-converted-to.pdf>
Package pdftex.def Info: pihalves001-eps-converted-to.pdf used on input line 29
4.
(pdftex.def)             Requested size: 181.97702pt x 112.15726pt.
Package epstopdf Info: Source file: <pihalves002.eps>
(epstopdf)                    date: 2013-03-28 19:29:25
(epstopdf)                    size: 1408537 bytes
(epstopdf)             Output file: <pihalves002-eps-converted-to.pdf>
(epstopdf)                    date: 2013-03-28 19:33:43
(epstopdf)                    size: 109704 bytes
(epstopdf)             Command: <repstopdf --outfile=pihalves002-eps-converted-
to.pdf pihalves002.eps>
(epstopdf)             \includegraphics on input line 300.
Package epstopdf Info: Output file is already uptodate.

<pihalves002-eps-converted-to.pdf, id=176, 491.8375pt x 304.13625pt>
File: pihalves002-eps-converted-to.pdf Graphic file (type pdf)

<use pihalves002-eps-converted-to.pdf>
Package pdftex.def Info: pihalves002-eps-converted-to.pdf used on input line 30
0.
(pdftex.def)             Requested size: 179.02762pt x 110.70483pt.
 [14 <./pihalves-eps-converted-to.pdf> <./pihalves001-eps-converted-to.pdf> <./
pihalves002-eps-converted-to.pdf>]
(build/HW_3.aux)

LaTeX Warning: There were multiply-defined labels.

 ) 
Here is how much of TeX's memory you used:
 11576 strings out of 493488
 243089 string characters out of 3146892
 263937 words of memory out of 3000000
 14697 multiletter control sequences out of 15000+200000
 16950 words of font info for 67 fonts, out of 3000000 for 9000
 957 hyphenation exceptions out of 8191
 38i,8n,35p,798b,585s stack positions out of 5000i,500n,10000p,200000b,50000s
</usr/share/texmf-dist/fonts/type1/public/amsfonts/cm/cmbx12.pfb></usr/share/
texmf-dist/fonts/type1/public/amsfonts/cm/cmex10.pfb></usr/share/texmf-dist/fon
ts/type1/public/amsfonts/cm/cmmi10.pfb></usr/share/texmf-dist/fonts/type1/publi
c/amsfonts/cm/cmmi12.pfb></usr/share/texmf-dist/fonts/type1/public/amsfonts/cm/
cmmi5.pfb></usr/share/texmf-dist/fonts/type1/public/amsfonts/cm/cmmi7.pfb></usr
/share/texmf-dist/fonts/type1/public/amsfonts/cm/cmr10.pfb></usr/share/texmf-di
st/fonts/type1/public/amsfonts/cm/cmr12.pfb></usr/share/texmf-dist/fonts/type1/
public/amsfonts/cm/cmr17.pfb></usr/share/texmf-dist/fonts/type1/public/amsfonts
/cm/cmr5.pfb></usr/share/texmf-dist/fonts/type1/public/amsfonts/cm/cmr7.pfb></u
sr/share/texmf-dist/fonts/type1/public/amsfonts/cm/cmsy10.pfb></usr/share/texmf
-dist/fonts/type1/public/amsfonts/cm/cmsy7.pfb></usr/share/texmf-dist/fonts/typ
e1/public/amsfonts/cm/cmtt12.pfb>
Output written on build/HW_3.pdf (15 pages, 1319584 bytes).
PDF statistics:
 264 PDF objects out of 1000 (max. 8388607)
 185 compressed objects within 2 object streams
 0 named destinations out of 1000 (max. 500000)
 66 words of extra memory for PDF output out of 10000 (max. 10000000)

